<?xml version="1.0" encoding="UTF-8"?>
<!-- Generated by org.testng.reporters.JUnitXMLReporter -->
<testsuite hostname="DESKTOP-APRU6N4" ignored="0" name="chromeTest" tests="1" failures="1" timestamp="23 Jul 2020 15:26:23 GMT" time="9.801" errors="0">
  <testcase name="verifyRegistration" time="2.766" classname="com.sapregistration.testCases.TC_Registration_0001">
    <failure type="java.lang.NullPointerException">
      <![CDATA[java.lang.NullPointerException
at com.sapregistration.testCases.TC_Registration_0001.verifyRegistration(TC_Registration_0001.java:24)
... Removed 25 stack frames]]>
    </failure>
  </testcase> <!-- verifyRegistration -->
</testsuite> <!-- chromeTest -->
