<?xml version="1.0" encoding="UTF-8"?>
<!-- Generated by org.testng.reporters.JUnitXMLReporter -->
<testsuite hostname="DESKTOP-APRU6N4" ignored="0" name="chromeTest" tests="8" failures="0" timestamp="15 Jul 2020 19:10:24 GMT" time="165.895" errors="0">
  <testcase name="loginTest" time="13.437" classname="com.nopcommerce.testCases.TC_LoginTest_001"/>
  <testcase name="addNewCustomer" time="35.757" classname="com.nopcommerce.testCases.TC_AddCustomerTest_003"/>
  <testcase name="loginTest" time="21.6" classname="com.nopcommerce.testCases.TC_LoginDDT_002"/>
  <testcase name="loginTest" time="10.857" classname="com.nopcommerce.testCases.TC_LoginDDT_002"/>
  <testcase name="loginTest" time="9.701" classname="com.nopcommerce.testCases.TC_LoginDDT_002"/>
  <testcase name="loginTest" time="10.716" classname="com.nopcommerce.testCases.TC_LoginDDT_002"/>
  <testcase name="searchCustomerbyEmail" time="17.255" classname="com.nopcommerce.testCases.TC_SearchCustomerByEmail_004"/>
  <testcase name="searchCustomerbyName" time="13.254" classname="com.nopcommerce.testCases.TC_SearchCustomerByName_005"/>
</testsuite> <!-- chromeTest -->
