<?xml version="1.0" encoding="UTF-8"?>
<!-- Generated by org.testng.reporters.JUnitXMLReporter -->
<testsuite hostname="DESKTOP-3R73L8V" ignored="0" name="edgetest" tests="2" failures="0" timestamp="17 Apr 2020 15:23:36 GMT" time="54.023" errors="0">
  <testcase name="searchCustomerbyEmail" time="19.069" classname="com.nopcommerce.testCases.TC_SearchCustomerByEmail_004"/>
  <testcase name="searchCustomerbyName" time="13.575" classname="com.nopcommerce.testCases.TC_SearchCustomerByName_005"/>
</testsuite> <!-- edgetest -->
