<?xml version="1.0" encoding="UTF-8"?>
<!-- Generated by org.testng.reporters.JUnitXMLReporter -->
<testsuite hostname="DESKTOP-3R73L8V" ignored="0" name="firefoxTest" tests="1" failures="1" timestamp="17 Apr 2020 07:06:20 GMT" time="17.76" errors="0">
  <testcase name="loginTest" time="9.713" classname="com.nopcommerce.testCases.TC_LoginTest_001">
    <failure type="java.lang.AssertionError" message="expected [true] but found [false]">
      <![CDATA[java.lang.AssertionError: expected [true] but found [false]
at com.nopcommerce.testCases.TC_LoginTest_001.loginTest(TC_LoginTest_001.java:43)
... Removed 29 stack frames]]>
    </failure>
  </testcase> <!-- loginTest -->
</testsuite> <!-- firefoxTest -->
