<?xml version="1.0" encoding="UTF-8"?>
<testng-results skipped="0" failed="0" ignored="0" total="1" passed="1">
  <reporter-output>
  </reporter-output>
  <suite name="sapRegistration" duration-ms="25065" started-at="2020-07-31T07:31:44Z" finished-at="2020-07-31T07:32:09Z">
    <groups>
    </groups>
    <test name="chromeTest" duration-ms="25065" started-at="2020-07-31T07:31:44Z" finished-at="2020-07-31T07:32:09Z">
      <class name="com.sapregistration.testCases.TC_Registration_0001">
        <test-method status="PASS" signature="setup(java.lang.String)[pri:0, instance:com.sapregistration.testCases.TC_Registration_0001@19bb07ed]" name="setup" is-config="true" duration-ms="6204" started-at="2020-07-31T07:31:44Z" finished-at="2020-07-31T07:31:51Z">
          <params>
            <param index="0">
              <value>
                <![CDATA[chrome]]>
              </value>
            </param>
          </params>
          <reporter-output>
          </reporter-output>
        </test-method> <!-- setup -->
        <test-method status="PASS" signature="verifyRegistration(java.lang.String, java.lang.String, java.lang.String, java.lang.String)[pri:0, instance:com.sapregistration.testCases.TC_Registration_0001@19bb07ed]" name="verifyRegistration" duration-ms="17222" started-at="2020-07-31T07:31:51Z" data-provider="RegisterData" finished-at="2020-07-31T07:32:09Z">
          <params>
            <param index="0">
              <value>
                <![CDATA[Auto]]>
              </value>
            </param>
            <param index="1">
              <value>
                <![CDATA[Register]]>
              </value>
            </param>
            <param index="2">
              <value>
                <![CDATA[Auto.Reg1rew@yopmail.com]]>
              </value>
            </param>
            <param index="3">
              <value>
                <![CDATA[Test@1234]]>
              </value>
            </param>
          </params>
          <reporter-output>
          </reporter-output>
        </test-method> <!-- verifyRegistration -->
        <test-method status="PASS" signature="tearDown()[pri:0, instance:com.sapregistration.testCases.TC_Registration_0001@19bb07ed]" name="tearDown" is-config="true" duration-ms="737" started-at="2020-07-31T07:32:09Z" finished-at="2020-07-31T07:32:09Z">
          <reporter-output>
          </reporter-output>
        </test-method> <!-- tearDown -->
      </class> <!-- com.sapregistration.testCases.TC_Registration_0001 -->
    </test> <!-- chromeTest -->
  </suite> <!-- sapRegistration -->
</testng-results>
