<?xml version="1.0" encoding="UTF-8"?>
<testng-results skipped="0" failed="0" ignored="0" total="1" passed="1">
  <reporter-output>
  </reporter-output>
  <suite name="sapRegistration" duration-ms="29156" started-at="2020-07-23T16:50:41Z" finished-at="2020-07-23T16:51:10Z">
    <groups>
    </groups>
    <test name="chromeTest" duration-ms="29156" started-at="2020-07-23T16:50:41Z" finished-at="2020-07-23T16:51:10Z">
      <class name="com.sapregistration.testCases.TC_Registration_0001">
        <test-method status="PASS" signature="setup(java.lang.String)[pri:0, instance:com.sapregistration.testCases.TC_Registration_0001@e056f20]" name="setup" is-config="true" duration-ms="6131" started-at="2020-07-23T16:50:41Z" finished-at="2020-07-23T16:50:47Z">
          <params>
            <param index="0">
              <value>
                <![CDATA[chrome]]>
              </value>
            </param>
          </params>
          <reporter-output>
          </reporter-output>
        </test-method> <!-- setup -->
        <test-method status="PASS" signature="verifyRegistration()[pri:0, instance:com.sapregistration.testCases.TC_Registration_0001@e056f20]" name="verifyRegistration" duration-ms="22128" started-at="2020-07-23T16:50:47Z" finished-at="2020-07-23T16:51:09Z">
          <reporter-output>
          </reporter-output>
        </test-method> <!-- verifyRegistration -->
        <test-method status="PASS" signature="tearDown()[pri:0, instance:com.sapregistration.testCases.TC_Registration_0001@e056f20]" name="tearDown" is-config="true" duration-ms="761" started-at="2020-07-23T16:51:09Z" finished-at="2020-07-23T16:51:10Z">
          <reporter-output>
          </reporter-output>
        </test-method> <!-- tearDown -->
      </class> <!-- com.sapregistration.testCases.TC_Registration_0001 -->
    </test> <!-- chromeTest -->
  </suite> <!-- sapRegistration -->
</testng-results>
